
ERROR : Tijolao da Gabriela, nao esta ligado
INFO: Tijolao da Gabriela, ligou
INFO: Tijolao da Gabriela,concetado
INFO: Tijolao da Gabriela, ligou
INFO: Tijolao da Gabriela,concetado
ERROR : Tijolao da Gabriela, ja esta concetado
INFO: Tijolao da Gabriela,concetado
INFO: Tijolao da Gabriela, ligou
INFO: Tijolao da Gabriela,concetado
ERROR : Tijolao da Gabriela, ja esta concetado
INFO: Tijolao da Gabriela,concetado
INFO: Tijolao da Gabriela, ligou
INFO: Tijolao da Gabriela,concetado
ERROR : Tijolao da Gabriela, ja esta concetado
INFO: Tijolao da Gabriela,concetado
INFO: Tijolao da Gabriela, ligou
INFO: Tijolao da Gabriela,concetado
ERROR : Tijolao da Gabriela, ja esta concetado
INFO: Tijolao da Gabriela,concetado
INFO: Tijolao da Gabriela, esta desligado
